C:\USERS\MIGUEL BONANSEA\DOCUMENTS\GITHUB\FONLINE_AFTERTIMES_S2_SERVER_TOOLS (1)\SERVER\EXTENSIONS\BACKEND\RELEASE\BACKEND.DLL.INTERMEDIATE.MANIFEST
C:\USERS\MIGUEL BONANSEA\DOCUMENTS\GITHUB\FONLINE_AFTERTIMES_S2_SERVER_TOOLS (1)\SERVER\EXTENSIONS\BACKEND\RELEASE\BACKEND.OBJ
C:\USERS\MIGUEL BONANSEA\DOCUMENTS\GITHUB\FONLINE_AFTERTIMES_S2_SERVER_TOOLS (1)\SERVER\EXTENSIONS\BACKEND\RELEASE\BACKEND.PCH
C:\Users\Miguel Bonansea\Documents\GitHub\fonline_aftertimes_s2_server_tools (1)\Server\extensions\Backend\Release\Backend.vcxprojResolveAssemblyReference.cache
C:\Users\Miguel Bonansea\Documents\GitHub\fonline_aftertimes_s2_server_tools (1)\Server\extensions\Backend\Release\Backend.write.1.tlog
C:\Users\Miguel Bonansea\Documents\GitHub\fonline_aftertimes_s2_server_tools (1)\Server\extensions\Backend\Release\cl.command.1.tlog
C:\Users\Miguel Bonansea\Documents\GitHub\fonline_aftertimes_s2_server_tools (1)\Server\extensions\Backend\Release\CL.read.1.tlog
C:\Users\Miguel Bonansea\Documents\GitHub\fonline_aftertimes_s2_server_tools (1)\Server\extensions\Backend\Release\CL.write.1.tlog
C:\USERS\MIGUEL BONANSEA\DOCUMENTS\GITHUB\FONLINE_AFTERTIMES_S2_SERVER_TOOLS (1)\SERVER\EXTENSIONS\BACKEND\RELEASE\CONFIG.OBJ
C:\USERS\MIGUEL BONANSEA\DOCUMENTS\GITHUB\FONLINE_AFTERTIMES_S2_SERVER_TOOLS (1)\SERVER\EXTENSIONS\BACKEND\RELEASE\DATATABLES.OBJ
C:\USERS\MIGUEL BONANSEA\DOCUMENTS\GITHUB\FONLINE_AFTERTIMES_S2_SERVER_TOOLS (1)\SERVER\EXTENSIONS\BACKEND\RELEASE\DLLMAIN.OBJ
C:\USERS\MIGUEL BONANSEA\DOCUMENTS\GITHUB\FONLINE_AFTERTIMES_S2_SERVER_TOOLS (1)\SERVER\EXTENSIONS\BACKEND\RELEASE\FACTION.OBJ
C:\USERS\MIGUEL BONANSEA\DOCUMENTS\GITHUB\FONLINE_AFTERTIMES_S2_SERVER_TOOLS (1)\SERVER\EXTENSIONS\BACKEND\RELEASE\FACTIONSDATA.OBJ
C:\USERS\MIGUEL BONANSEA\DOCUMENTS\GITHUB\FONLINE_AFTERTIMES_S2_SERVER_TOOLS (1)\SERVER\EXTENSIONS\BACKEND\RELEASE\FACTIONSINFO.OBJ
C:\USERS\MIGUEL BONANSEA\DOCUMENTS\GITHUB\FONLINE_AFTERTIMES_S2_SERVER_TOOLS (1)\SERVER\EXTENSIONS\BACKEND\RELEASE\FACTIONSNEWS.OBJ
C:\USERS\MIGUEL BONANSEA\DOCUMENTS\GITHUB\FONLINE_AFTERTIMES_S2_SERVER_TOOLS (1)\SERVER\EXTENSIONS\BACKEND\RELEASE\GAMETEXT.OBJ
C:\USERS\MIGUEL BONANSEA\DOCUMENTS\GITHUB\FONLINE_AFTERTIMES_S2_SERVER_TOOLS (1)\SERVER\EXTENSIONS\BACKEND\RELEASE\HELPERS.OBJ
C:\USERS\MIGUEL BONANSEA\DOCUMENTS\GITHUB\FONLINE_AFTERTIMES_S2_SERVER_TOOLS (1)\SERVER\EXTENSIONS\BACKEND\RELEASE\ILOG.OBJ
C:\Users\Miguel Bonansea\Documents\GitHub\fonline_aftertimes_s2_server_tools (1)\Server\extensions\Backend\Release\link.command.1.tlog
C:\Users\Miguel Bonansea\Documents\GitHub\fonline_aftertimes_s2_server_tools (1)\Server\extensions\Backend\Release\link.read.1.tlog
C:\Users\Miguel Bonansea\Documents\GitHub\fonline_aftertimes_s2_server_tools (1)\Server\extensions\Backend\Release\link.write.1.tlog
C:\USERS\MIGUEL BONANSEA\DOCUMENTS\GITHUB\FONLINE_AFTERTIMES_S2_SERVER_TOOLS (1)\SERVER\EXTENSIONS\BACKEND\RELEASE\LOG.OBJ
C:\Users\Miguel Bonansea\Documents\GitHub\fonline_aftertimes_s2_server_tools (1)\Server\extensions\Backend\Release\mt.command.1.tlog
C:\Users\Miguel Bonansea\Documents\GitHub\fonline_aftertimes_s2_server_tools (1)\Server\extensions\Backend\Release\mt.read.1.tlog
C:\Users\Miguel Bonansea\Documents\GitHub\fonline_aftertimes_s2_server_tools (1)\Server\extensions\Backend\Release\mt.write.1.tlog
C:\USERS\MIGUEL BONANSEA\DOCUMENTS\GITHUB\FONLINE_AFTERTIMES_S2_SERVER_TOOLS (1)\SERVER\EXTENSIONS\BACKEND\RELEASE\PLAYERS.OBJ
C:\USERS\MIGUEL BONANSEA\DOCUMENTS\GITHUB\FONLINE_AFTERTIMES_S2_SERVER_TOOLS (1)\SERVER\EXTENSIONS\BACKEND\RELEASE\REFCOUNT.OBJ
C:\USERS\MIGUEL BONANSEA\DOCUMENTS\GITHUB\FONLINE_AFTERTIMES_S2_SERVER_TOOLS (1)\SERVER\EXTENSIONS\BACKEND\RELEASE\SCRIPTJSON.OBJ
C:\USERS\MIGUEL BONANSEA\DOCUMENTS\GITHUB\FONLINE_AFTERTIMES_S2_SERVER_TOOLS (1)\SERVER\EXTENSIONS\BACKEND\RELEASE\STDAFX.OBJ
C:\USERS\MIGUEL BONANSEA\DOCUMENTS\GITHUB\FONLINE_AFTERTIMES_S2_SERVER_TOOLS (1)\SERVER\EXTENSIONS\RELEASE\BACKEND.DLL
C:\Users\Miguel Bonansea\Documents\GitHub\fonline_aftertimes_s2_server_tools (1)\Server\extensions\Release\Backend.exp
C:\Users\Miguel Bonansea\Documents\GitHub\fonline_aftertimes_s2_server_tools (1)\Server\extensions\Release\Backend.lib
C:\USERS\MIGUEL BONANSEA\DOCUMENTS\GITHUB\FONLINE_AFTERTIMES_S2_SERVER_TOOLS (1)\SERVER\EXTENSIONS\RELEASE\BACKEND.PDB
D:\DESCARGA\FONLINE_AFTERTIMES_S2_SERVER_TOOLS\SERVER\EXTENSIONS\BACKEND\RELEASE\BACKEND.DLL.INTERMEDIATE.MANIFEST
D:\DESCARGA\FONLINE_AFTERTIMES_S2_SERVER_TOOLS\SERVER\EXTENSIONS\BACKEND\RELEASE\BACKEND.OBJ
D:\DESCARGA\FONLINE_AFTERTIMES_S2_SERVER_TOOLS\SERVER\EXTENSIONS\BACKEND\RELEASE\BACKEND.PCH
D:\DESCARGA\FONLINE_AFTERTIMES_S2_SERVER_TOOLS\SERVER\EXTENSIONS\BACKEND\RELEASE\CONFIG.OBJ
D:\DESCARGA\FONLINE_AFTERTIMES_S2_SERVER_TOOLS\SERVER\EXTENSIONS\BACKEND\RELEASE\DATATABLES.OBJ
D:\DESCARGA\FONLINE_AFTERTIMES_S2_SERVER_TOOLS\SERVER\EXTENSIONS\BACKEND\RELEASE\DLLMAIN.OBJ
D:\DESCARGA\FONLINE_AFTERTIMES_S2_SERVER_TOOLS\SERVER\EXTENSIONS\BACKEND\RELEASE\FACTION.OBJ
D:\DESCARGA\FONLINE_AFTERTIMES_S2_SERVER_TOOLS\SERVER\EXTENSIONS\BACKEND\RELEASE\FACTIONSDATA.OBJ
D:\DESCARGA\FONLINE_AFTERTIMES_S2_SERVER_TOOLS\SERVER\EXTENSIONS\BACKEND\RELEASE\FACTIONSINFO.OBJ
D:\DESCARGA\FONLINE_AFTERTIMES_S2_SERVER_TOOLS\SERVER\EXTENSIONS\BACKEND\RELEASE\FACTIONSNEWS.OBJ
D:\DESCARGA\FONLINE_AFTERTIMES_S2_SERVER_TOOLS\SERVER\EXTENSIONS\BACKEND\RELEASE\GAMETEXT.OBJ
D:\DESCARGA\FONLINE_AFTERTIMES_S2_SERVER_TOOLS\SERVER\EXTENSIONS\BACKEND\RELEASE\HELPERS.OBJ
D:\DESCARGA\FONLINE_AFTERTIMES_S2_SERVER_TOOLS\SERVER\EXTENSIONS\BACKEND\RELEASE\ILOG.OBJ
D:\DESCARGA\FONLINE_AFTERTIMES_S2_SERVER_TOOLS\SERVER\EXTENSIONS\BACKEND\RELEASE\LOG.OBJ
D:\DESCARGA\FONLINE_AFTERTIMES_S2_SERVER_TOOLS\SERVER\EXTENSIONS\BACKEND\RELEASE\PLAYERS.OBJ
D:\DESCARGA\FONLINE_AFTERTIMES_S2_SERVER_TOOLS\SERVER\EXTENSIONS\BACKEND\RELEASE\REFCOUNT.OBJ
D:\DESCARGA\FONLINE_AFTERTIMES_S2_SERVER_TOOLS\SERVER\EXTENSIONS\BACKEND\RELEASE\SCRIPTJSON.OBJ
D:\DESCARGA\FONLINE_AFTERTIMES_S2_SERVER_TOOLS\SERVER\EXTENSIONS\BACKEND\RELEASE\STDAFX.OBJ
D:\DESCARGA\FONLINE_AFTERTIMES_S2_SERVER_TOOLS\SERVER\EXTENSIONS\RELEASE\BACKEND.DLL
D:\Descarga\fonline_aftertimes_s2_server_tools\Server\extensions\Release\Backend.exp
D:\Descarga\fonline_aftertimes_s2_server_tools\Server\extensions\Release\Backend.lib
D:\DESCARGA\FONLINE_AFTERTIMES_S2_SERVER_TOOLS\SERVER\EXTENSIONS\RELEASE\BACKEND.PDB
