C:\USERS\MIGUEL BONANSEA\DOCUMENTS\GITHUB\FONLINE_AFTERTIMES_S2_SERVER_TOOLS (1)\SERVER\EXTENSIONS\RELEASE\UTILS.DLL
C:\Users\Miguel Bonansea\Documents\GitHub\fonline_aftertimes_s2_server_tools (1)\Server\extensions\Release\Utils.exp
C:\Users\Miguel Bonansea\Documents\GitHub\fonline_aftertimes_s2_server_tools (1)\Server\extensions\Release\Utils.lib
C:\USERS\MIGUEL BONANSEA\DOCUMENTS\GITHUB\FONLINE_AFTERTIMES_S2_SERVER_TOOLS (1)\SERVER\EXTENSIONS\RELEASE\UTILS.PDB
C:\USERS\MIGUEL BONANSEA\DOCUMENTS\GITHUB\FONLINE_AFTERTIMES_S2_SERVER_TOOLS (1)\SERVER\EXTENSIONS\UTILS\RELEASE\ANGELSCRIPT.OBJ
C:\USERS\MIGUEL BONANSEA\DOCUMENTS\GITHUB\FONLINE_AFTERTIMES_S2_SERVER_TOOLS (1)\SERVER\EXTENSIONS\UTILS\RELEASE\BUFFER_LAZY.OBJ
C:\Users\Miguel Bonansea\Documents\GitHub\fonline_aftertimes_s2_server_tools (1)\Server\extensions\Utils\Release\cl.command.1.tlog
C:\Users\Miguel Bonansea\Documents\GitHub\fonline_aftertimes_s2_server_tools (1)\Server\extensions\Utils\Release\CL.read.1.tlog
C:\Users\Miguel Bonansea\Documents\GitHub\fonline_aftertimes_s2_server_tools (1)\Server\extensions\Utils\Release\CL.write.1.tlog
C:\USERS\MIGUEL BONANSEA\DOCUMENTS\GITHUB\FONLINE_AFTERTIMES_S2_SERVER_TOOLS (1)\SERVER\EXTENSIONS\UTILS\RELEASE\DLLMAIN.OBJ
C:\USERS\MIGUEL BONANSEA\DOCUMENTS\GITHUB\FONLINE_AFTERTIMES_S2_SERVER_TOOLS (1)\SERVER\EXTENSIONS\UTILS\RELEASE\EXTEVENTS.OBJ
C:\Users\Miguel Bonansea\Documents\GitHub\fonline_aftertimes_s2_server_tools (1)\Server\extensions\Utils\Release\link.command.1.tlog
C:\Users\Miguel Bonansea\Documents\GitHub\fonline_aftertimes_s2_server_tools (1)\Server\extensions\Utils\Release\link.read.1.tlog
C:\Users\Miguel Bonansea\Documents\GitHub\fonline_aftertimes_s2_server_tools (1)\Server\extensions\Utils\Release\link.write.1.tlog
C:\Users\Miguel Bonansea\Documents\GitHub\fonline_aftertimes_s2_server_tools (1)\Server\extensions\Utils\Release\mt.command.1.tlog
C:\Users\Miguel Bonansea\Documents\GitHub\fonline_aftertimes_s2_server_tools (1)\Server\extensions\Utils\Release\mt.read.1.tlog
C:\Users\Miguel Bonansea\Documents\GitHub\fonline_aftertimes_s2_server_tools (1)\Server\extensions\Utils\Release\mt.write.1.tlog
C:\USERS\MIGUEL BONANSEA\DOCUMENTS\GITHUB\FONLINE_AFTERTIMES_S2_SERVER_TOOLS (1)\SERVER\EXTENSIONS\UTILS\RELEASE\NOOBSERVER.OBJ
C:\USERS\MIGUEL BONANSEA\DOCUMENTS\GITHUB\FONLINE_AFTERTIMES_S2_SERVER_TOOLS (1)\SERVER\EXTENSIONS\UTILS\RELEASE\PROTOMAPEX.OBJ
C:\USERS\MIGUEL BONANSEA\DOCUMENTS\GITHUB\FONLINE_AFTERTIMES_S2_SERVER_TOOLS (1)\SERVER\EXTENSIONS\UTILS\RELEASE\UTILS.DLL.INTERMEDIATE.MANIFEST
C:\USERS\MIGUEL BONANSEA\DOCUMENTS\GITHUB\FONLINE_AFTERTIMES_S2_SERVER_TOOLS (1)\SERVER\EXTENSIONS\UTILS\RELEASE\UTILS.OBJ
C:\Users\Miguel Bonansea\Documents\GitHub\fonline_aftertimes_s2_server_tools (1)\Server\extensions\Utils\Release\Utils.vcxprojResolveAssemblyReference.cache
C:\Users\Miguel Bonansea\Documents\GitHub\fonline_aftertimes_s2_server_tools (1)\Server\extensions\Utils\Release\Utils.write.1.tlog
D:\DESCARGA\FONLINE_AFTERTIMES_S2_SERVER_TOOLS\SERVER\EXTENSIONS\RELEASE\UTILS.DLL
D:\Descarga\fonline_aftertimes_s2_server_tools\Server\extensions\Release\Utils.exp
D:\Descarga\fonline_aftertimes_s2_server_tools\Server\extensions\Release\Utils.lib
D:\DESCARGA\FONLINE_AFTERTIMES_S2_SERVER_TOOLS\SERVER\EXTENSIONS\RELEASE\UTILS.PDB
D:\DESCARGA\FONLINE_AFTERTIMES_S2_SERVER_TOOLS\SERVER\EXTENSIONS\UTILS\RELEASE\ANGELSCRIPT.OBJ
D:\DESCARGA\FONLINE_AFTERTIMES_S2_SERVER_TOOLS\SERVER\EXTENSIONS\UTILS\RELEASE\BUFFER_LAZY.OBJ
D:\DESCARGA\FONLINE_AFTERTIMES_S2_SERVER_TOOLS\SERVER\EXTENSIONS\UTILS\RELEASE\DLLMAIN.OBJ
D:\DESCARGA\FONLINE_AFTERTIMES_S2_SERVER_TOOLS\SERVER\EXTENSIONS\UTILS\RELEASE\EXTEVENTS.OBJ
D:\DESCARGA\FONLINE_AFTERTIMES_S2_SERVER_TOOLS\SERVER\EXTENSIONS\UTILS\RELEASE\NOOBSERVER.OBJ
D:\DESCARGA\FONLINE_AFTERTIMES_S2_SERVER_TOOLS\SERVER\EXTENSIONS\UTILS\RELEASE\PROTOMAPEX.OBJ
D:\DESCARGA\FONLINE_AFTERTIMES_S2_SERVER_TOOLS\SERVER\EXTENSIONS\UTILS\RELEASE\UTILS.DLL.INTERMEDIATE.MANIFEST
D:\DESCARGA\FONLINE_AFTERTIMES_S2_SERVER_TOOLS\SERVER\EXTENSIONS\UTILS\RELEASE\UTILS.OBJ
