Build started 7/2/2022 07:02:22.
     1>Project "C:\Users\Miguel Bonansea\Documents\GitHub\fonline_aftertimes_s2_server_tools (1)\Server\extensions\Utils\Utils.vcxproj" on node 9 (build target(s)).
     1>InitializeBuildStatus:
         Creating "Release\Utils.unsuccessfulbuild" because "AlwaysCreate" was specified.
       ClCompile:
         All outputs are up-to-date.
         All outputs are up-to-date.
       Link:
         All outputs are up-to-date.
         Utils.vcxproj -> C:\Users\Miguel Bonansea\Documents\GitHub\fonline_aftertimes_s2_server_tools (1)\Server\extensions\Release\Utils.dll
       PostBuildEvent:
         cd "C:\Users\Miguel Bonansea\Documents\GitHub\fonline_aftertimes_s2_server_tools (1)\Server\extensions\Release\"
         copy "Utils.dll" "../../scripts"
         
         :VCEnd
                 1 archivo(s) copiado(s).
       FinalizeBuildStatus:
         Deleting file "Release\Utils.unsuccessfulbuild".
         Touching "Release\Utils.lastbuildstate".
     1>Done Building Project "C:\Users\Miguel Bonansea\Documents\GitHub\fonline_aftertimes_s2_server_tools (1)\Server\extensions\Utils\Utils.vcxproj" (build target(s)).

Build succeeded.

Time Elapsed 00:00:00.10
